e:\project\ап\lb10-11\lb11.3_a\lb11.3_a\x64\debug\vc143.pdb
e:\project\ап\lb10-11\lb11.3_a\lb11.3_a\x64\debug\vc143.idb
e:\project\ап\lb10-11\lb11.3_a\lb11.3_a\x64\debug\lb11.3_a.obj
e:\project\ап\lb10-11\lb11.3_a\x64\debug\lb11.3_a.pdb
e:\project\ап\lb10-11\lb11.3_a\lb11.3_a\x64\debug\lb11.3_a.tlog\cl.command.1.tlog
e:\project\ап\lb10-11\lb11.3_a\lb11.3_a\x64\debug\lb11.3_a.tlog\cl.items.tlog
e:\project\ап\lb10-11\lb11.3_a\lb11.3_a\x64\debug\lb11.3_a.tlog\cl.read.1.tlog
e:\project\ап\lb10-11\lb11.3_a\lb11.3_a\x64\debug\lb11.3_a.tlog\cl.write.1.tlog
e:\project\ап\lb10-11\lb11.3_a\lb11.3_a\x64\debug\lb11.3_a.tlog\link-cvtres.read.1.tlog
e:\project\ап\lb10-11\lb11.3_a\lb11.3_a\x64\debug\lb11.3_a.tlog\link-cvtres.write.1.tlog
e:\project\ап\lb10-11\lb11.3_a\lb11.3_a\x64\debug\lb11.3_a.tlog\link-rc.read.1.tlog
e:\project\ап\lb10-11\lb11.3_a\lb11.3_a\x64\debug\lb11.3_a.tlog\link-rc.write.1.tlog
e:\project\ап\lb10-11\lb11.3_a\lb11.3_a\x64\debug\lb11.3_a.tlog\link.8560-cvtres.read.1.tlog
e:\project\ап\lb10-11\lb11.3_a\lb11.3_a\x64\debug\lb11.3_a.tlog\link.8560-cvtres.write.1.tlog
e:\project\ап\lb10-11\lb11.3_a\lb11.3_a\x64\debug\lb11.3_a.tlog\link.8560-rc.read.1.tlog
e:\project\ап\lb10-11\lb11.3_a\lb11.3_a\x64\debug\lb11.3_a.tlog\link.8560-rc.write.1.tlog
e:\project\ап\lb10-11\lb11.3_a\lb11.3_a\x64\debug\lb11.3_a.tlog\link.8560.read.1.tlog
e:\project\ап\lb10-11\lb11.3_a\lb11.3_a\x64\debug\lb11.3_a.tlog\link.8560.read.2.tlog
e:\project\ап\lb10-11\lb11.3_a\lb11.3_a\x64\debug\lb11.3_a.tlog\link.8560.write.1.tlog
e:\project\ап\lb10-11\lb11.3_a\lb11.3_a\x64\debug\lb11.3_a.tlog\link.command.1.tlog
e:\project\ап\lb10-11\lb11.3_a\lb11.3_a\x64\debug\lb11.3_a.tlog\link.read.1.tlog
e:\project\ап\lb10-11\lb11.3_a\lb11.3_a\x64\debug\lb11.3_a.tlog\link.read.2.tlog
e:\project\ап\lb10-11\lb11.3_a\lb11.3_a\x64\debug\lb11.3_a.tlog\link.write.1.tlog
